[debug] [2021-09-16T11:02:21.914Z] ----------------------------------------------------------------------
[debug] [2021-09-16T11:02:21.915Z] Command:       /usr/local/bin/node /Users/macjjuni/.npm-global/bin/firebase deploy --only hosting:tinyimage
[debug] [2021-09-16T11:02:21.915Z] CLI Version:   9.18.0
[debug] [2021-09-16T11:02:21.916Z] Platform:      darwin
[debug] [2021-09-16T11:02:21.916Z] Node Version:  v14.17.3
[debug] [2021-09-16T11:02:21.917Z] Time:          Thu Sep 16 2021 20:02:21 GMT+0900 (대한민국 표준시)
[debug] [2021-09-16T11:02:21.917Z] ----------------------------------------------------------------------
[debug] 
[debug] [2021-09-16T11:02:21.970Z] > command requires scopes: ["email","openid","https://www.googleapis.com/auth/cloudplatformprojects.readonly","https://www.googleapis.com/auth/firebase","https://www.googleapis.com/auth/cloud-platform"]
[debug] [2021-09-16T11:02:21.970Z] > authorizing via signed-in user (macjjuni@gmail.com)
[debug] [2021-09-16T11:02:21.970Z] [iam] checking project image-compressor-2f14d for permissions ["firebase.projects.get","firebasehosting.sites.update"]
[debug] [2021-09-16T11:02:21.972Z] > refreshing access token with scopes: ["email","https://www.googleapis.com/auth/cloud-platform","https://www.googleapis.com/auth/cloudplatformprojects.readonly","https://www.googleapis.com/auth/firebase","openid"]
[debug] [2021-09-16T11:02:21.973Z] >>> HTTP REQUEST POST https://www.googleapis.com/oauth2/v3/token  
 <request body omitted>
[debug] [2021-09-16T11:02:22.257Z] <<< HTTP RESPONSE 200 {"cache-control":"no-cache, no-store, max-age=0, must-revalidate","pragma":"no-cache","date":"Thu, 16 Sep 2021 11:02:22 GMT","expires":"Mon, 01 Jan 1990 00:00:00 GMT","content-type":"application/json; charset=utf-8","vary":"X-Origin, Referer, Origin,Accept-Encoding","server":"scaffolding on HTTPServer2","x-xss-protection":"0","x-frame-options":"SAMEORIGIN","x-content-type-options":"nosniff","alt-svc":"h3=\":443\"; ma=2592000,h3-29=\":443\"; ma=2592000,h3-T051=\":443\"; ma=2592000,h3-Q050=\":443\"; ma=2592000,h3-Q046=\":443\"; ma=2592000,h3-Q043=\":443\"; ma=2592000,quic=\":443\"; ma=2592000; v=\"46,43\"","accept-ranges":"none","transfer-encoding":"chunked"}
[debug] [2021-09-16T11:02:22.307Z] >>> HTTP REQUEST POST https://cloudresourcemanager.googleapis.com/v1/projects/image-compressor-2f14d:testIamPermissions  
 {"permissions":["firebase.projects.get","firebasehosting.sites.update"]}
[debug] [2021-09-16T11:02:23.188Z] <<< HTTP RESPONSE 200 {"content-type":"application/json; charset=UTF-8","vary":"X-Origin, Referer, Origin,Accept-Encoding","date":"Thu, 16 Sep 2021 11:02:23 GMT","server":"ESF","cache-control":"private","x-xss-protection":"0","x-frame-options":"SAMEORIGIN","x-content-type-options":"nosniff","server-timing":"gfet4t7; dur=583","alt-svc":"h3=\":443\"; ma=2592000,h3-29=\":443\"; ma=2592000,h3-T051=\":443\"; ma=2592000,h3-Q050=\":443\"; ma=2592000,h3-Q046=\":443\"; ma=2592000,h3-Q043=\":443\"; ma=2592000,quic=\":443\"; ma=2592000; v=\"46,43\"","accept-ranges":"none","transfer-encoding":"chunked"}
[debug] [2021-09-16T11:02:23.190Z] > refreshing access token with scopes: []
[debug] [2021-09-16T11:02:23.190Z] >>> HTTP REQUEST POST https://www.googleapis.com/oauth2/v3/token  
 <request body omitted>
[debug] [2021-09-16T11:02:23.418Z] <<< HTTP RESPONSE 200 {"cache-control":"no-cache, no-store, max-age=0, must-revalidate","expires":"Mon, 01 Jan 1990 00:00:00 GMT","date":"Thu, 16 Sep 2021 11:02:23 GMT","pragma":"no-cache","content-type":"application/json; charset=utf-8","vary":"X-Origin, Referer, Origin,Accept-Encoding","server":"scaffolding on HTTPServer2","x-xss-protection":"0","x-frame-options":"SAMEORIGIN","x-content-type-options":"nosniff","alt-svc":"h3=\":443\"; ma=2592000,h3-29=\":443\"; ma=2592000,h3-T051=\":443\"; ma=2592000,h3-Q050=\":443\"; ma=2592000,h3-Q046=\":443\"; ma=2592000,h3-Q043=\":443\"; ma=2592000,quic=\":443\"; ma=2592000; v=\"46,43\"","accept-ranges":"none","transfer-encoding":"chunked"}
[debug] [2021-09-16T11:02:23.465Z] >>> [apiv2][query] GET https://firebase.googleapis.com/v1beta1/projects/image-compressor-2f14d [none]
[debug] [2021-09-16T11:02:24.216Z] <<< [apiv2][status] GET https://firebase.googleapis.com/v1beta1/projects/image-compressor-2f14d 200
[debug] [2021-09-16T11:02:24.216Z] <<< [apiv2][body] GET https://firebase.googleapis.com/v1beta1/projects/image-compressor-2f14d {"projectId":"image-compressor-2f14d","projectNumber":"2853757772","displayName":"TinyImage","name":"projects/image-compressor-2f14d","resources":{"hostingSite":"image-compressor-2f14d"},"state":"ACTIVE"}
[info] 
[info] === Deploying to 'image-compressor-2f14d'...
[info] 
[info] i  deploying hosting 
[debug] [2021-09-16T11:02:24.221Z] > refreshing access token with scopes: ["email","https://www.googleapis.com/auth/cloud-platform","https://www.googleapis.com/auth/cloudplatformprojects.readonly","https://www.googleapis.com/auth/firebase","openid"]
[debug] [2021-09-16T11:02:24.221Z] >>> HTTP REQUEST POST https://www.googleapis.com/oauth2/v3/token  
 <request body omitted>
[debug] [2021-09-16T11:02:24.473Z] <<< HTTP RESPONSE 200 {"date":"Thu, 16 Sep 2021 11:02:24 GMT","cache-control":"no-cache, no-store, max-age=0, must-revalidate","pragma":"no-cache","expires":"Mon, 01 Jan 1990 00:00:00 GMT","content-type":"application/json; charset=utf-8","vary":"X-Origin, Referer, Origin,Accept-Encoding","server":"scaffolding on HTTPServer2","x-xss-protection":"0","x-frame-options":"SAMEORIGIN","x-content-type-options":"nosniff","alt-svc":"h3=\":443\"; ma=2592000,h3-29=\":443\"; ma=2592000,h3-T051=\":443\"; ma=2592000,h3-Q050=\":443\"; ma=2592000,h3-Q046=\":443\"; ma=2592000,h3-Q043=\":443\"; ma=2592000,quic=\":443\"; ma=2592000; v=\"46,43\"","accept-ranges":"none","transfer-encoding":"chunked"}
[debug] [2021-09-16T11:02:24.523Z] >>> HTTP REQUEST POST https://firebasehosting.googleapis.com/v1beta1/sites/tinyimage/versions  
 {"config":{"rewrites":[{"glob":"**","path":"/index.html"}]},"labels":{"deployment-tool":"cli-firebase"}}
